# JRE version: Java(TM) SE Runtime Environment (17.0.15+9) (build 17.0.15+9-LTS-241)
# Java VM: Java HotSpot(TM) 64-Bit Server VM (17.0.15+9-LTS-241, mixed mode, sharing, tiered, compressed oops, compressed class ptrs, g1 gc, windows-amd64)
GC Precious Log:
 CPUs: 8 total, 8 available
 Memory: 8078M
 Large Page Support: Disabled
 NUMA Support: Disabled
 Compressed Oops: Enabled (32-bit)
 Heap Region Size: 1M
 Heap Min Capacity: 8M
 Heap Initial Capacity: 128M
 Heap Max Capacity: 2020M
 Pre-touch: Disabled
 Parallel Workers: 8
 Concurrent Workers: 2
 Concurrent Refinement Workers: 8
 Periodic GC: Disabled
Heap:
 garbage-first heap   total 51200K, used 22981K [0x0000000081c00000, 0x0000000100000000)
  region size 1024K, 2 young (2048K), 2 survivors (2048K)
 Metaspace       used 44318K, committed 44864K, reserved 1114112K
  class space    used 5927K, committed 6208K, reserved 1048576K
GC Heap History (20 events):
Event: 1.949 GC heap after
{Heap after GC invocations=2 (full 0):
 garbage-first heap   total 131072K, used 10151K [0x0000000081c00000, 0x0000000100000000)
  region size 1024K, 3 young (3072K), 3 survivors (3072K)
 Metaspace       used 12691K, committed 12992K, reserved 1114112K
  class space    used 1682K, committed 1856K, reserved 1048576K
}
Event: 2.550 GC heap before
{Heap before GC invocations=2 (full 0):
 garbage-first heap   total 131072K, used 49063K [0x0000000081c00000, 0x0000000100000000)
  region size 1024K, 43 young (44032K), 3 survivors (3072K)
 Metaspace       used 21211K, committed 21504K, reserved 1114112K
  class space    used 2786K, committed 2944K, reserved 1048576K
}
Event: 2.556 GC heap after
{Heap after GC invocations=3 (full 0):
 garbage-first heap   total 131072K, used 13392K [0x0000000081c00000, 0x0000000100000000)
  region size 1024K, 6 young (6144K), 6 survivors (6144K)
 Metaspace       used 21211K, committed 21504K, reserved 1114112K
  class space    used 2786K, committed 2944K, reserved 1048576K
}
Event: 3.103 GC heap before
{Heap before GC invocations=4 (full 0):
 garbage-first heap   total 51200K, used 37968K [0x0000000081c00000, 0x0000000100000000)
  region size 1024K, 30 young (30720K), 6 survivors (6144K)
 Metaspace       used 23687K, committed 24064K, reserved 1114112K
  class space    used 3088K, committed 3264K, reserved 1048576K
}
Event: 3.109 GC heap after
{Heap after GC invocations=5 (full 0):
 garbage-first heap   total 51200K, used 15234K [0x0000000081c00000, 0x0000000100000000)
  region size 1024K, 3 young (3072K), 3 survivors (3072K)
 Metaspace       used 23687K, committed 24064K, reserved 1114112K
  class space    used 3088K, committed 3264K, reserved 1048576K
}
Event: 3.130 GC heap before
{Heap before GC invocations=5 (full 0):
 garbage-first heap   total 51200K, used 15234K [0x0000000081c00000, 0x0000000100000000)
  region size 1024K, 4 young (4096K), 3 survivors (3072K)
 Metaspace       used 23925K, committed 24256K, reserved 1114112K
  class space    used 3114K, committed 3264K, reserved 1048576K
}
Event: 3.133 GC heap after
{Heap after GC invocations=6 (full 0):
 garbage-first heap   total 51200K, used 15851K [0x0000000081c00000, 0x0000000100000000)
  region size 1024K, 1 young (1024K), 1 survivors (1024K)
 Metaspace       used 23925K, committed 24256K, reserved 1114112K
  class space    used 3114K, committed 3264K, reserved 1048576K
}
Event: 3.748 GC heap before
{Heap before GC invocations=6 (full 0):
 garbage-first heap   total 51200K, used 36331K [0x0000000081c00000, 0x0000000100000000)
  region size 1024K, 21 young (21504K), 1 survivors (1024K)
 Metaspace       used 26606K, committed 26944K, reserved 1114112K
  class space    used 3493K, committed 3648K, reserved 1048576K
}
Event: 3.750 GC heap after
{Heap after GC invocations=7 (full 0):
 garbage-first heap   total 51200K, used 16920K [0x0000000081c00000, 0x0000000100000000)
  region size 1024K, 2 young (2048K), 2 survivors (2048K)
 Metaspace       used 26606K, committed 26944K, reserved 1114112K
  class space    used 3493K, committed 3648K, reserved 1048576K
}
Event: 4.329 GC heap before
{Heap before GC invocations=7 (full 0):
 garbage-first heap   total 51200K, used 37400K [0x0000000081c00000, 0x0000000100000000)
  region size 1024K, 22 young (22528K), 2 survivors (2048K)
 Metaspace       used 31014K, committed 31360K, reserved 1114112K
  class space    used 4103K, committed 4288K, reserved 1048576K
}
Event: 4.332 GC heap after
{Heap after GC invocations=8 (full 0):
 garbage-first heap   total 51200K, used 19322K [0x0000000081c00000, 0x0000000100000000)
  region size 1024K, 3 young (3072K), 3 survivors (3072K)
 Metaspace       used 31014K, committed 31360K, reserved 1114112K
  class space    used 4103K, committed 4288K, reserved 1048576K
}
Event: 4.724 GC heap before
{Heap before GC invocations=8 (full 0):
 garbage-first heap   total 51200K, used 36730K [0x0000000081c00000, 0x0000000100000000)
  region size 1024K, 21 young (21504K), 3 survivors (3072K)
 Metaspace       used 33900K, committed 34368K, reserved 1114112K
  class space    used 4491K, committed 4672K, reserved 1048576K
}
Event: 4.728 GC heap after
{Heap after GC invocations=9 (full 0):
 garbage-first heap   total 51200K, used 20651K [0x0000000081c00000, 0x0000000100000000)
  region size 1024K, 2 young (2048K), 2 survivors (2048K)
 Metaspace       used 33900K, committed 34368K, reserved 1114112K
  class space    used 4491K, committed 4672K, reserved 1048576K
}
Event: 4.877 GC heap before
{Heap before GC invocations=9 (full 0):
 garbage-first heap   total 51200K, used 26795K [0x0000000081c00000, 0x0000000100000000)
  region size 1024K, 9 young (9216K), 2 survivors (2048K)
 Metaspace       used 35693K, committed 36096K, reserved 1114112K
  class space    used 4723K, committed 4928K, reserved 1048576K
}
Event: 4.880 GC heap after
{Heap after GC invocations=10 (full 0):
 garbage-first heap   total 51200K, used 20959K [0x0000000081c00000, 0x0000000100000000)
  region size 1024K, 2 young (2048K), 2 survivors (2048K)
 Metaspace       used 35693K, committed 36096K, reserved 1114112K
  class space    used 4723K, committed 4928K, reserved 1048576K
}
Event: 6.368 GC heap before
{Heap before GC invocations=11 (full 0):
 garbage-first heap   total 51200K, used 39391K [0x0000000081c00000, 0x0000000100000000)
  region size 1024K, 20 young (20480K), 2 survivors (2048K)
 Metaspace       used 40248K, committed 40768K, reserved 1114112K
  class space    used 5273K, committed 5504K, reserved 1048576K
}
Event: 6.374 GC heap after
{Heap after GC invocations=12 (full 0):
 garbage-first heap   total 51200K, used 22234K [0x0000000081c00000, 0x0000000100000000)
  region size 1024K, 2 young (2048K), 2 survivors (2048K)
 Metaspace       used 40248K, committed 40768K, reserved 1114112K
  class space    used 5273K, committed 5504K, reserved 1048576K
}
Event: 6.429 GC heap before
{Heap before GC invocations=12 (full 0):
 garbage-first heap   total 51200K, used 22234K [0x0000000081c00000, 0x0000000100000000)
  region size 1024K, 3 young (3072K), 2 survivors (2048K)
 Metaspace       used 40379K, committed 40896K, reserved 1114112K
  class space    used 5295K, committed 5568K, reserved 1048576K
}
Event: 6.435 GC heap after
{Heap after GC invocations=13 (full 0):
 garbage-first heap   total 51200K, used 21935K [0x0000000081c00000, 0x0000000100000000)
  region size 1024K, 1 young (1024K), 1 survivors (1024K)
 Metaspace       used 40379K, committed 40896K, reserved 1114112K
  class space    used 5295K, committed 5568K, reserved 1048576K
}
Event: 7.853 GC heap before
{Heap before GC invocations=13 (full 0):
 garbage-first heap   total 51200K, used 38319K [0x0000000081c00000, 0x0000000100000000)
  region size 1024K, 18 young (18432K), 1 survivors (1024K)
 Metaspace       used 44318K, committed 44864K, reserved 1114112K
  class space    used 5927K, committed 6208K, reserved 1048576K
}

